0 info it worked if it ends with ok
1 verbose cli [ '/usr/bin/node',
1 verbose cli   '/usr/bin/npm',
1 verbose cli   'install',
1 verbose cli   'jst_compiler',
1 verbose cli   '-g' ]
2 info using npm@3.5.2
3 info using node@v8.10.0
4 silly loadCurrentTree Starting
5 silly install loadCurrentTree
6 silly install readGlobalPackageData
7 silly fetchPackageMetaData jst_compiler
8 silly fetchNamedPackageData jst_compiler
9 silly mapToRegistry name jst_compiler
10 silly mapToRegistry using default registry
11 silly mapToRegistry registry https://registry.npmjs.org/
12 silly mapToRegistry uri https://registry.npmjs.org/jst_compiler
13 verbose request uri https://registry.npmjs.org/jst_compiler
14 verbose request no auth needed
15 info attempt registry request try #1 at 23:34:23
16 verbose request id 845ca16c522f8a40
17 http request GET https://registry.npmjs.org/jst_compiler
18 http 200 https://registry.npmjs.org/jst_compiler
19 verbose headers { date: 'Sun, 16 Jun 2019 20:34:24 GMT',
19 verbose headers   'content-type': 'application/json; charset=UTF-8',
19 verbose headers   'transfer-encoding': 'chunked',
19 verbose headers   connection: 'keep-alive',
19 verbose headers   'set-cookie':
19 verbose headers    [ '__cfduid=d5a2a3feaf6a9f9f17fe89c69c5e168d11560717264; expires=Mon, 15-Jun-20 20:34:24 GMT; path=/; domain=.npmjs.org; HttpOnly' ],
19 verbose headers   'cf-cache-status': 'REVALIDATED',
19 verbose headers   'cache-control': 'max-age=300',
19 verbose headers   'cf-ray': '4e7f9075fab1bec9-FRA',
19 verbose headers   etag: 'W/"a38608d2118ca2d1a109e2c53acf5f10"',
19 verbose headers   'expect-ct': 'max-age=604800, report-uri="https://report-uri.cloudflare.com/cdn-cgi/beacon/expect-ct"',
19 verbose headers   'last-modified': 'Sun, 27 May 2018 05:45:57 GMT',
19 verbose headers   vary: 'accept-encoding, accept',
19 verbose headers   server: 'cloudflare',
19 verbose headers   'content-encoding': 'gzip' }
20 silly get cb [ 200,
20 silly get   { date: 'Sun, 16 Jun 2019 20:34:24 GMT',
20 silly get     'content-type': 'application/json; charset=UTF-8',
20 silly get     'transfer-encoding': 'chunked',
20 silly get     connection: 'keep-alive',
20 silly get     'set-cookie':
20 silly get      [ '__cfduid=d5a2a3feaf6a9f9f17fe89c69c5e168d11560717264; expires=Mon, 15-Jun-20 20:34:24 GMT; path=/; domain=.npmjs.org; HttpOnly' ],
20 silly get     'cf-cache-status': 'REVALIDATED',
20 silly get     'cache-control': 'max-age=300',
20 silly get     'cf-ray': '4e7f9075fab1bec9-FRA',
20 silly get     etag: 'W/"a38608d2118ca2d1a109e2c53acf5f10"',
20 silly get     'expect-ct': 'max-age=604800, report-uri="https://report-uri.cloudflare.com/cdn-cgi/beacon/expect-ct"',
20 silly get     'last-modified': 'Sun, 27 May 2018 05:45:57 GMT',
20 silly get     vary: 'accept-encoding, accept',
20 silly get     server: 'cloudflare',
20 silly get     'content-encoding': 'gzip' } ]
21 verbose get saving jst_compiler to /home/ars/.npm/registry.npmjs.org/jst_compiler/.cache.json
22 verbose makeDirectory /home/ars/.npm creation not in flight; initializing
23 silly makeDirectory /home/ars/.npm uid: 1000 gid: 1000
24 silly install normalizeTree
25 silly loadCurrentTree Finishing
26 silly loadIdealTree Starting
27 silly install loadIdealTree
28 silly cloneCurrentTree Starting
29 silly install cloneCurrentTreeToIdealTree
30 silly cloneCurrentTree Finishing
31 silly loadShrinkwrap Starting
32 silly install loadShrinkwrap
33 silly loadShrinkwrap Finishing
34 silly loadAllDepsIntoIdealTree Starting
35 silly install loadAllDepsIntoIdealTree
36 silly resolveWithNewModule jst_compiler@3.0.1 checking installable status
37 silly cache add args [ 'jst_compiler', null ]
38 verbose cache add spec jst_compiler
39 silly cache add parsed spec Result {
39 silly cache add   raw: 'jst_compiler',
39 silly cache add   scope: null,
39 silly cache add   name: 'jst_compiler',
39 silly cache add   rawSpec: '',
39 silly cache add   spec: 'latest',
39 silly cache add   type: 'tag' }
40 silly addNamed jst_compiler@latest
41 verbose addNamed "latest" is being treated as a dist-tag for jst_compiler
42 info addNameTag [ 'jst_compiler', 'latest' ]
43 silly mapToRegistry name jst_compiler
44 silly mapToRegistry using default registry
45 silly mapToRegistry registry https://registry.npmjs.org/
46 silly mapToRegistry uri https://registry.npmjs.org/jst_compiler
47 verbose addNameTag registry:https://registry.npmjs.org/jst_compiler not in flight; fetching
48 verbose get https://registry.npmjs.org/jst_compiler not expired, no request
49 silly addNameTag next cb for jst_compiler with tag latest
50 silly addNamed jst_compiler@3.0.1
51 verbose addNamed "3.0.1" is a plain semver version for jst_compiler
52 silly mapToRegistry name jst_compiler
53 silly mapToRegistry using default registry
54 silly mapToRegistry registry https://registry.npmjs.org/
55 silly mapToRegistry uri https://registry.npmjs.org/jst_compiler
56 verbose addRemoteTarball https://registry.npmjs.org/jst_compiler/-/jst_compiler-3.0.1.tgz not in flight; adding
57 verbose addRemoteTarball [ 'https://registry.npmjs.org/jst_compiler/-/jst_compiler-3.0.1.tgz',
57 verbose addRemoteTarball   '975c2c6060376e72d79c9ce2adcca53eaf70f736' ]
58 info retry fetch attempt 1 at 23:34:25
59 info attempt registry request try #1 at 23:34:25
60 http fetch GET https://registry.npmjs.org/jst_compiler/-/jst_compiler-3.0.1.tgz
61 http fetch 200 https://registry.npmjs.org/jst_compiler/-/jst_compiler-3.0.1.tgz
62 silly fetchAndShaCheck shasum 975c2c6060376e72d79c9ce2adcca53eaf70f736
63 verbose addTmpTarball /tmp/npm-7057-069ee20f/registry.npmjs.org/jst_compiler/-/jst_compiler-3.0.1.tgz not in flight; adding
64 verbose addTmpTarball already have metadata; skipping unpack for jst_compiler@3.0.1
65 silly cache afterAdd jst_compiler@3.0.1
66 verbose afterAdd /home/ars/.npm/jst_compiler/3.0.1/package/package.json not in flight; writing
67 verbose afterAdd /home/ars/.npm/jst_compiler/3.0.1/package/package.json written
68 silly fetchNamedPackageData chalk
69 silly mapToRegistry name chalk
70 silly mapToRegistry using default registry
71 silly mapToRegistry registry https://registry.npmjs.org/
72 silly mapToRegistry uri https://registry.npmjs.org/chalk
73 silly fetchNamedPackageData commander
74 silly mapToRegistry name commander
75 silly mapToRegistry using default registry
76 silly mapToRegistry registry https://registry.npmjs.org/
77 silly mapToRegistry uri https://registry.npmjs.org/commander
78 verbose request uri https://registry.npmjs.org/chalk
79 verbose request no auth needed
80 info attempt registry request try #1 at 23:34:28
81 http request GET https://registry.npmjs.org/chalk
82 verbose request uri https://registry.npmjs.org/commander
83 verbose request no auth needed
84 info attempt registry request try #1 at 23:34:28
85 http request GET https://registry.npmjs.org/commander
86 http 200 https://registry.npmjs.org/chalk
87 verbose headers { date: 'Sun, 16 Jun 2019 20:34:28 GMT',
87 verbose headers   'content-type': 'application/json',
87 verbose headers   'transfer-encoding': 'chunked',
87 verbose headers   connection: 'keep-alive',
87 verbose headers   'set-cookie':
87 verbose headers    [ '__cfduid=da7993bab13c1bfe3849ffd3c93678d8d1560717268; expires=Mon, 15-Jun-20 20:34:28 GMT; path=/; domain=.npmjs.org; HttpOnly' ],
87 verbose headers   'cf-cache-status': 'HIT',
87 verbose headers   'cache-control': 'max-age=300',
87 verbose headers   'cf-ray': '4e7f908e7f32bec9-FRA',
87 verbose headers   etag: 'W/"57b0c57e0f1946126bd3a7061ddf30b7"',
87 verbose headers   'expect-ct': 'max-age=604800, report-uri="https://report-uri.cloudflare.com/cdn-cgi/beacon/expect-ct"',
87 verbose headers   'last-modified': 'Tue, 30 Apr 2019 02:24:40 GMT',
87 verbose headers   vary: 'accept-encoding, accept',
87 verbose headers   'x-amz-meta-rev': '1138-32ba671323684c7d50db04a12f6886c4',
87 verbose headers   server: 'cloudflare',
87 verbose headers   'content-encoding': 'gzip' }
88 silly get cb [ 200,
88 silly get   { date: 'Sun, 16 Jun 2019 20:34:28 GMT',
88 silly get     'content-type': 'application/json',
88 silly get     'transfer-encoding': 'chunked',
88 silly get     connection: 'keep-alive',
88 silly get     'set-cookie':
88 silly get      [ '__cfduid=da7993bab13c1bfe3849ffd3c93678d8d1560717268; expires=Mon, 15-Jun-20 20:34:28 GMT; path=/; domain=.npmjs.org; HttpOnly' ],
88 silly get     'cf-cache-status': 'HIT',
88 silly get     'cache-control': 'max-age=300',
88 silly get     'cf-ray': '4e7f908e7f32bec9-FRA',
88 silly get     etag: 'W/"57b0c57e0f1946126bd3a7061ddf30b7"',
88 silly get     'expect-ct': 'max-age=604800, report-uri="https://report-uri.cloudflare.com/cdn-cgi/beacon/expect-ct"',
88 silly get     'last-modified': 'Tue, 30 Apr 2019 02:24:40 GMT',
88 silly get     vary: 'accept-encoding, accept',
88 silly get     'x-amz-meta-rev': '1138-32ba671323684c7d50db04a12f6886c4',
88 silly get     server: 'cloudflare',
88 silly get     'content-encoding': 'gzip' } ]
89 verbose get saving chalk to /home/ars/.npm/registry.npmjs.org/chalk/.cache.json
90 silly resolveWithNewModule chalk@1.1.3 checking installable status
91 silly cache add args [ 'chalk@^1.1.3', null ]
92 verbose cache add spec chalk@^1.1.3
93 silly cache add parsed spec Result {
93 silly cache add   raw: 'chalk@^1.1.3',
93 silly cache add   scope: null,
93 silly cache add   name: 'chalk',
93 silly cache add   rawSpec: '^1.1.3',
93 silly cache add   spec: '>=1.1.3 <2.0.0',
93 silly cache add   type: 'range' }
94 silly addNamed chalk@>=1.1.3 <2.0.0
95 verbose addNamed ">=1.1.3 <2.0.0" is a valid semver range for chalk
96 silly addNameRange { name: 'chalk', range: '>=1.1.3 <2.0.0', hasData: false }
97 silly mapToRegistry name chalk
98 silly mapToRegistry using default registry
99 silly mapToRegistry registry https://registry.npmjs.org/
100 silly mapToRegistry uri https://registry.npmjs.org/chalk
101 verbose addNameRange registry:https://registry.npmjs.org/chalk not in flight; fetching
102 verbose get https://registry.npmjs.org/chalk not expired, no request
103 silly addNameRange number 2 { name: 'chalk', range: '>=1.1.3 <2.0.0', hasData: true }
104 silly addNameRange versions [ 'chalk',
104 silly addNameRange   [ '0.1.0',
104 silly addNameRange     '0.1.1',
104 silly addNameRange     '0.2.0',
104 silly addNameRange     '0.2.1',
104 silly addNameRange     '0.3.0',
104 silly addNameRange     '0.4.0',
104 silly addNameRange     '0.5.0',
104 silly addNameRange     '0.5.1',
104 silly addNameRange     '1.0.0',
104 silly addNameRange     '1.1.0',
104 silly addNameRange     '1.1.1',
104 silly addNameRange     '1.1.2',
104 silly addNameRange     '1.1.3',
104 silly addNameRange     '2.0.0',
104 silly addNameRange     '2.0.1',
104 silly addNameRange     '2.1.0',
104 silly addNameRange     '2.2.0',
104 silly addNameRange     '2.2.2',
104 silly addNameRange     '2.3.0',
104 silly addNameRange     '2.3.1',
104 silly addNameRange     '2.3.2',
104 silly addNameRange     '2.4.0',
104 silly addNameRange     '2.4.1',
104 silly addNameRange     '2.4.2' ] ]
105 silly addNamed chalk@1.1.3
106 verbose addNamed "1.1.3" is a plain semver version for chalk
107 silly mapToRegistry name chalk
108 silly mapToRegistry using default registry
109 silly mapToRegistry registry https://registry.npmjs.org/
110 silly mapToRegistry uri https://registry.npmjs.org/chalk
111 verbose addRemoteTarball https://registry.npmjs.org/chalk/-/chalk-1.1.3.tgz not in flight; adding
112 verbose addRemoteTarball [ 'https://registry.npmjs.org/chalk/-/chalk-1.1.3.tgz',
112 verbose addRemoteTarball   'a8115c55e4a702fe4d150abd3872822a7e09fc98' ]
113 info retry fetch attempt 1 at 23:34:28
114 info attempt registry request try #1 at 23:34:28
115 http fetch GET https://registry.npmjs.org/chalk/-/chalk-1.1.3.tgz
116 http fetch 200 https://registry.npmjs.org/chalk/-/chalk-1.1.3.tgz
117 silly fetchAndShaCheck shasum a8115c55e4a702fe4d150abd3872822a7e09fc98
118 verbose addTmpTarball /tmp/npm-7057-069ee20f/registry.npmjs.org/chalk/-/chalk-1.1.3.tgz not in flight; adding
119 verbose addTmpTarball already have metadata; skipping unpack for chalk@1.1.3
120 silly cache afterAdd chalk@1.1.3
121 verbose afterAdd /home/ars/.npm/chalk/1.1.3/package/package.json not in flight; writing
122 verbose afterAdd /home/ars/.npm/chalk/1.1.3/package/package.json written
123 http 200 https://registry.npmjs.org/commander
124 verbose headers { date: 'Sun, 16 Jun 2019 20:34:28 GMT',
124 verbose headers   'content-type': 'application/json',
124 verbose headers   'transfer-encoding': 'chunked',
124 verbose headers   connection: 'keep-alive',
124 verbose headers   'set-cookie':
124 verbose headers    [ '__cfduid=d28e5c93cc37d770ce7c067561e52589c1560717268; expires=Mon, 15-Jun-20 20:34:28 GMT; path=/; domain=.npmjs.org; HttpOnly' ],
124 verbose headers   'cf-cache-status': 'HIT',
124 verbose headers   'cache-control': 'max-age=300',
124 verbose headers   'cf-ray': '4e7f90904ba1d6dd-FRA',
124 verbose headers   etag: 'W/"fa5a9ce5b1973c60a0ad7624a1264cfd"',
124 verbose headers   'expect-ct': 'max-age=604800, report-uri="https://report-uri.cloudflare.com/cdn-cgi/beacon/expect-ct"',
124 verbose headers   'last-modified': 'Tue, 11 Jun 2019 11:25:43 GMT',
124 verbose headers   vary: 'accept-encoding, accept',
124 verbose headers   'x-amz-meta-rev': '1323-07c1d0b6e1e5663593914c62c005e7b1',
124 verbose headers   server: 'cloudflare',
124 verbose headers   'content-encoding': 'gzip' }
125 silly get cb [ 200,
125 silly get   { date: 'Sun, 16 Jun 2019 20:34:28 GMT',
125 silly get     'content-type': 'application/json',
125 silly get     'transfer-encoding': 'chunked',
125 silly get     connection: 'keep-alive',
125 silly get     'set-cookie':
125 silly get      [ '__cfduid=d28e5c93cc37d770ce7c067561e52589c1560717268; expires=Mon, 15-Jun-20 20:34:28 GMT; path=/; domain=.npmjs.org; HttpOnly' ],
125 silly get     'cf-cache-status': 'HIT',
125 silly get     'cache-control': 'max-age=300',
125 silly get     'cf-ray': '4e7f90904ba1d6dd-FRA',
125 silly get     etag: 'W/"fa5a9ce5b1973c60a0ad7624a1264cfd"',
125 silly get     'expect-ct': 'max-age=604800, report-uri="https://report-uri.cloudflare.com/cdn-cgi/beacon/expect-ct"',
125 silly get     'last-modified': 'Tue, 11 Jun 2019 11:25:43 GMT',
125 silly get     vary: 'accept-encoding, accept',
125 silly get     'x-amz-meta-rev': '1323-07c1d0b6e1e5663593914c62c005e7b1',
125 silly get     server: 'cloudflare',
125 silly get     'content-encoding': 'gzip' } ]
126 verbose get saving commander to /home/ars/.npm/registry.npmjs.org/commander/.cache.json
127 silly resolveWithNewModule commander@2.9.0 checking installable status
128 silly cache add args [ 'commander@2.9.x', null ]
129 verbose cache add spec commander@2.9.x
130 silly cache add parsed spec Result {
130 silly cache add   raw: 'commander@2.9.x',
130 silly cache add   scope: null,
130 silly cache add   name: 'commander',
130 silly cache add   rawSpec: '2.9.x',
130 silly cache add   spec: '>=2.9.0 <2.10.0',
130 silly cache add   type: 'range' }
131 silly addNamed commander@>=2.9.0 <2.10.0
132 verbose addNamed ">=2.9.0 <2.10.0" is a valid semver range for commander
133 silly addNameRange { name: 'commander', range: '>=2.9.0 <2.10.0', hasData: false }
134 silly mapToRegistry name commander
135 silly mapToRegistry using default registry
136 silly mapToRegistry registry https://registry.npmjs.org/
137 silly mapToRegistry uri https://registry.npmjs.org/commander
138 verbose addNameRange registry:https://registry.npmjs.org/commander not in flight; fetching
139 verbose get https://registry.npmjs.org/commander not expired, no request
140 silly addNameRange number 2 { name: 'commander', range: '>=2.9.0 <2.10.0', hasData: true }
141 silly addNameRange versions [ 'commander',
141 silly addNameRange   [ '0.0.1',
141 silly addNameRange     '0.0.3',
141 silly addNameRange     '0.0.4',
141 silly addNameRange     '0.0.5',
141 silly addNameRange     '0.1.0',
141 silly addNameRange     '0.2.0',
141 silly addNameRange     '0.2.1',
141 silly addNameRange     '0.3.0',
141 silly addNameRange     '0.3.1',
141 silly addNameRange     '0.3.2',
141 silly addNameRange     '0.3.3',
141 silly addNameRange     '0.4.0',
141 silly addNameRange     '0.4.1',
141 silly addNameRange     '0.4.2',
141 silly addNameRange     '0.4.3',
141 silly addNameRange     '0.5.0',
141 silly addNameRange     '0.5.1',
141 silly addNameRange     '0.6.0',
141 silly addNameRange     '0.6.1',
141 silly addNameRange     '0.5.2',
141 silly addNameRange     '1.0.0',
141 silly addNameRange     '1.0.1',
141 silly addNameRange     '1.0.2',
141 silly addNameRange     '1.0.3',
141 silly addNameRange     '1.0.4',
141 silly addNameRange     '1.0.5',
141 silly addNameRange     '1.1.0',
141 silly addNameRange     '1.1.1',
141 silly addNameRange     '1.2.0',
141 silly addNameRange     '1.3.0',
141 silly addNameRange     '1.3.1',
141 silly addNameRange     '1.3.2',
141 silly addNameRange     '2.0.0',
141 silly addNameRange     '2.1.0',
141 silly addNameRange     '2.2.0',
141 silly addNameRange     '2.3.0',
141 silly addNameRange     '2.4.0',
141 silly addNameRange     '2.5.0',
141 silly addNameRange     '2.5.1',
141 silly addNameRange     '2.6.0',
141 silly addNameRange     '2.7.0',
141 silly addNameRange     '2.7.1',
141 silly addNameRange     '2.8.0',
141 silly addNameRange     '2.8.1',
141 silly addNameRange     '2.9.0',
141 silly addNameRange     '2.10.0',
141 silly addNameRange     '2.11.0',
141 silly addNameRange     '2.12.0',
141 silly addNameRange     '2.12.1',
141 silly addNameRange     '2.12.2',
141 silly addNameRange     '2.13.0',
141 silly addNameRange     '2.14.0',
141 silly addNameRange     '2.14.1',
141 silly addNameRange     '2.15.0',
141 silly addNameRange     '2.15.1',
141 silly addNameRange     '2.16.0',
141 silly addNameRange     '2.17.0',
141 silly addNameRange     '2.17.1',
141 silly addNameRange     '2.18.0',
141 silly addNameRange     '2.19.0',
141 silly addNameRange     '2.20.0' ] ]
142 silly addNamed commander@2.9.0
143 verbose addNamed "2.9.0" is a plain semver version for commander
144 silly mapToRegistry name commander
145 silly mapToRegistry using default registry
146 silly mapToRegistry registry https://registry.npmjs.org/
147 silly mapToRegistry uri https://registry.npmjs.org/commander
148 verbose addRemoteTarball https://registry.npmjs.org/commander/-/commander-2.9.0.tgz not in flight; adding
149 verbose addRemoteTarball [ 'https://registry.npmjs.org/commander/-/commander-2.9.0.tgz',
149 verbose addRemoteTarball   '9c99094176e12240cb22d6c5146098400fe0f7d4' ]
150 info retry fetch attempt 1 at 23:34:28
151 info attempt registry request try #1 at 23:34:28
152 http fetch GET https://registry.npmjs.org/commander/-/commander-2.9.0.tgz
153 http fetch 200 https://registry.npmjs.org/commander/-/commander-2.9.0.tgz
154 silly fetchAndShaCheck shasum 9c99094176e12240cb22d6c5146098400fe0f7d4
155 verbose addTmpTarball /tmp/npm-7057-069ee20f/registry.npmjs.org/commander/-/commander-2.9.0.tgz not in flight; adding
156 verbose addTmpTarball already have metadata; skipping unpack for commander@2.9.0
157 silly cache afterAdd commander@2.9.0
158 verbose afterAdd /home/ars/.npm/commander/2.9.0/package/package.json not in flight; writing
159 verbose afterAdd /home/ars/.npm/commander/2.9.0/package/package.json written
160 silly fetchNamedPackageData ansi-styles
161 silly mapToRegistry name ansi-styles
162 silly mapToRegistry using default registry
163 silly mapToRegistry registry https://registry.npmjs.org/
164 silly mapToRegistry uri https://registry.npmjs.org/ansi-styles
165 silly fetchNamedPackageData escape-string-regexp
166 silly mapToRegistry name escape-string-regexp
167 silly mapToRegistry using default registry
168 silly mapToRegistry registry https://registry.npmjs.org/
169 silly mapToRegistry uri https://registry.npmjs.org/escape-string-regexp
170 silly fetchNamedPackageData has-ansi
171 silly mapToRegistry name has-ansi
172 silly mapToRegistry using default registry
173 silly mapToRegistry registry https://registry.npmjs.org/
174 silly mapToRegistry uri https://registry.npmjs.org/has-ansi
175 silly fetchNamedPackageData strip-ansi
176 silly mapToRegistry name strip-ansi
177 silly mapToRegistry using default registry
178 silly mapToRegistry registry https://registry.npmjs.org/
179 silly mapToRegistry uri https://registry.npmjs.org/strip-ansi
180 silly fetchNamedPackageData supports-color
181 silly mapToRegistry name supports-color
182 silly mapToRegistry using default registry
183 silly mapToRegistry registry https://registry.npmjs.org/
184 silly mapToRegistry uri https://registry.npmjs.org/supports-color
185 verbose request uri https://registry.npmjs.org/ansi-styles
186 verbose request no auth needed
187 info attempt registry request try #1 at 23:34:28
188 http request GET https://registry.npmjs.org/ansi-styles
189 verbose request uri https://registry.npmjs.org/escape-string-regexp
190 verbose request no auth needed
191 info attempt registry request try #1 at 23:34:28
192 http request GET https://registry.npmjs.org/escape-string-regexp
193 verbose request uri https://registry.npmjs.org/has-ansi
194 verbose request no auth needed
195 info attempt registry request try #1 at 23:34:28
196 http request GET https://registry.npmjs.org/has-ansi
197 verbose request uri https://registry.npmjs.org/strip-ansi
198 verbose request no auth needed
199 info attempt registry request try #1 at 23:34:28
200 http request GET https://registry.npmjs.org/strip-ansi
201 verbose request uri https://registry.npmjs.org/supports-color
202 verbose request no auth needed
203 info attempt registry request try #1 at 23:34:28
204 http request GET https://registry.npmjs.org/supports-color
205 http 200 https://registry.npmjs.org/ansi-styles
206 verbose headers { date: 'Sun, 16 Jun 2019 20:34:28 GMT',
206 verbose headers   'content-type': 'application/json',
206 verbose headers   'transfer-encoding': 'chunked',
206 verbose headers   connection: 'keep-alive',
206 verbose headers   'set-cookie':
206 verbose headers    [ '__cfduid=d28e5c93cc37d770ce7c067561e52589c1560717268; expires=Mon, 15-Jun-20 20:34:28 GMT; path=/; domain=.npmjs.org; HttpOnly' ],
206 verbose headers   'cf-cache-status': 'HIT',
206 verbose headers   'cache-control': 'max-age=300',
206 verbose headers   'cf-ray': '4e7f90924980d6dd-FRA',
206 verbose headers   etag: 'W/"3fe20a0278aeb10fdc4b1ff3930024a2"',
206 verbose headers   'expect-ct': 'max-age=604800, report-uri="https://report-uri.cloudflare.com/cdn-cgi/beacon/expect-ct"',
206 verbose headers   'last-modified': 'Fri, 31 May 2019 07:09:57 GMT',
206 verbose headers   vary: 'accept-encoding, accept',
206 verbose headers   'x-amz-meta-rev': '74-b25f1fa430f5ed319d52fd9a4cbed1ad',
206 verbose headers   server: 'cloudflare',
206 verbose headers   'content-encoding': 'gzip' }
207 silly get cb [ 200,
207 silly get   { date: 'Sun, 16 Jun 2019 20:34:28 GMT',
207 silly get     'content-type': 'application/json',
207 silly get     'transfer-encoding': 'chunked',
207 silly get     connection: 'keep-alive',
207 silly get     'set-cookie':
207 silly get      [ '__cfduid=d28e5c93cc37d770ce7c067561e52589c1560717268; expires=Mon, 15-Jun-20 20:34:28 GMT; path=/; domain=.npmjs.org; HttpOnly' ],
207 silly get     'cf-cache-status': 'HIT',
207 silly get     'cache-control': 'max-age=300',
207 silly get     'cf-ray': '4e7f90924980d6dd-FRA',
207 silly get     etag: 'W/"3fe20a0278aeb10fdc4b1ff3930024a2"',
207 silly get     'expect-ct': 'max-age=604800, report-uri="https://report-uri.cloudflare.com/cdn-cgi/beacon/expect-ct"',
207 silly get     'last-modified': 'Fri, 31 May 2019 07:09:57 GMT',
207 silly get     vary: 'accept-encoding, accept',
207 silly get     'x-amz-meta-rev': '74-b25f1fa430f5ed319d52fd9a4cbed1ad',
207 silly get     server: 'cloudflare',
207 silly get     'content-encoding': 'gzip' } ]
208 verbose get saving ansi-styles to /home/ars/.npm/registry.npmjs.org/ansi-styles/.cache.json
209 silly resolveWithNewModule ansi-styles@2.2.1 checking installable status
210 silly cache add args [ 'ansi-styles@^2.2.1', null ]
211 verbose cache add spec ansi-styles@^2.2.1
212 silly cache add parsed spec Result {
212 silly cache add   raw: 'ansi-styles@^2.2.1',
212 silly cache add   scope: null,
212 silly cache add   name: 'ansi-styles',
212 silly cache add   rawSpec: '^2.2.1',
212 silly cache add   spec: '>=2.2.1 <3.0.0',
212 silly cache add   type: 'range' }
213 silly addNamed ansi-styles@>=2.2.1 <3.0.0
214 verbose addNamed ">=2.2.1 <3.0.0" is a valid semver range for ansi-styles
215 silly addNameRange { name: 'ansi-styles', range: '>=2.2.1 <3.0.0', hasData: false }
216 silly mapToRegistry name ansi-styles
217 silly mapToRegistry using default registry
218 silly mapToRegistry registry https://registry.npmjs.org/
219 silly mapToRegistry uri https://registry.npmjs.org/ansi-styles
220 verbose addNameRange registry:https://registry.npmjs.org/ansi-styles not in flight; fetching
221 http 200 https://registry.npmjs.org/escape-string-regexp
222 verbose headers { date: 'Sun, 16 Jun 2019 20:34:28 GMT',
222 verbose headers   'content-type': 'application/json',
222 verbose headers   'transfer-encoding': 'chunked',
222 verbose headers   connection: 'keep-alive',
222 verbose headers   'set-cookie':
222 verbose headers    [ '__cfduid=da7993bab13c1bfe3849ffd3c93678d8d1560717268; expires=Mon, 15-Jun-20 20:34:28 GMT; path=/; domain=.npmjs.org; HttpOnly' ],
222 verbose headers   'cf-cache-status': 'HIT',
222 verbose headers   'cache-control': 'max-age=300',
222 verbose headers   'cf-ray': '4e7f90925c6cbec9-FRA',
222 verbose headers   etag: 'W/"5f4e7cfb193a9204c97803a97fefcbc7"',
222 verbose headers   'expect-ct': 'max-age=604800, report-uri="https://report-uri.cloudflare.com/cdn-cgi/beacon/expect-ct"',
222 verbose headers   'last-modified': 'Wed, 17 Apr 2019 07:49:13 GMT',
222 verbose headers   vary: 'accept-encoding, accept',
222 verbose headers   'x-amz-meta-rev': '52-947e51e5deccdf80638efda46d978ff7',
222 verbose headers   server: 'cloudflare',
222 verbose headers   'content-encoding': 'gzip' }
223 silly get cb [ 200,
223 silly get   { date: 'Sun, 16 Jun 2019 20:34:28 GMT',
223 silly get     'content-type': 'application/json',
223 silly get     'transfer-encoding': 'chunked',
223 silly get     connection: 'keep-alive',
223 silly get     'set-cookie':
223 silly get      [ '__cfduid=da7993bab13c1bfe3849ffd3c93678d8d1560717268; expires=Mon, 15-Jun-20 20:34:28 GMT; path=/; domain=.npmjs.org; HttpOnly' ],
223 silly get     'cf-cache-status': 'HIT',
223 silly get     'cache-control': 'max-age=300',
223 silly get     'cf-ray': '4e7f90925c6cbec9-FRA',
223 silly get     etag: 'W/"5f4e7cfb193a9204c97803a97fefcbc7"',
223 silly get     'expect-ct': 'max-age=604800, report-uri="https://report-uri.cloudflare.com/cdn-cgi/beacon/expect-ct"',
223 silly get     'last-modified': 'Wed, 17 Apr 2019 07:49:13 GMT',
223 silly get     vary: 'accept-encoding, accept',
223 silly get     'x-amz-meta-rev': '52-947e51e5deccdf80638efda46d978ff7',
223 silly get     server: 'cloudflare',
223 silly get     'content-encoding': 'gzip' } ]
224 verbose get saving escape-string-regexp to /home/ars/.npm/registry.npmjs.org/escape-string-regexp/.cache.json
225 verbose get https://registry.npmjs.org/ansi-styles not expired, no request
226 silly addNameRange number 2 { name: 'ansi-styles', range: '>=2.2.1 <3.0.0', hasData: true }
227 silly addNameRange versions [ 'ansi-styles',
227 silly addNameRange   [ '0.1.0',
227 silly addNameRange     '0.1.1',
227 silly addNameRange     '0.1.2',
227 silly addNameRange     '0.2.0',
227 silly addNameRange     '1.0.0',
227 silly addNameRange     '1.1.0',
227 silly addNameRange     '2.0.0',
227 silly addNameRange     '2.0.1',
227 silly addNameRange     '2.1.0',
227 silly addNameRange     '2.2.1',
227 silly addNameRange     '3.0.0',
227 silly addNameRange     '3.1.0',
227 silly addNameRange     '3.2.0',
227 silly addNameRange     '3.2.1',
227 silly addNameRange     '4.0.0' ] ]
228 silly addNamed ansi-styles@2.2.1
229 verbose addNamed "2.2.1" is a plain semver version for ansi-styles
230 silly mapToRegistry name ansi-styles
231 silly mapToRegistry using default registry
232 silly mapToRegistry registry https://registry.npmjs.org/
233 silly mapToRegistry uri https://registry.npmjs.org/ansi-styles
234 verbose addRemoteTarball https://registry.npmjs.org/ansi-styles/-/ansi-styles-2.2.1.tgz not in flight; adding
235 verbose addRemoteTarball [ 'https://registry.npmjs.org/ansi-styles/-/ansi-styles-2.2.1.tgz',
235 verbose addRemoteTarball   'b432dd3358b634cf75e1e4664368240533c1ddbe' ]
236 info retry fetch attempt 1 at 23:34:28
237 info attempt registry request try #1 at 23:34:28
238 http fetch GET https://registry.npmjs.org/ansi-styles/-/ansi-styles-2.2.1.tgz
239 silly resolveWithNewModule escape-string-regexp@1.0.5 checking installable status
240 silly cache add args [ 'escape-string-regexp@^1.0.2', null ]
241 verbose cache add spec escape-string-regexp@^1.0.2
242 silly cache add parsed spec Result {
242 silly cache add   raw: 'escape-string-regexp@^1.0.2',
242 silly cache add   scope: null,
242 silly cache add   name: 'escape-string-regexp',
242 silly cache add   rawSpec: '^1.0.2',
242 silly cache add   spec: '>=1.0.2 <2.0.0',
242 silly cache add   type: 'range' }
243 silly addNamed escape-string-regexp@>=1.0.2 <2.0.0
244 verbose addNamed ">=1.0.2 <2.0.0" is a valid semver range for escape-string-regexp
245 silly addNameRange { name: 'escape-string-regexp',
245 silly addNameRange   range: '>=1.0.2 <2.0.0',
245 silly addNameRange   hasData: false }
246 silly mapToRegistry name escape-string-regexp
247 silly mapToRegistry using default registry
248 silly mapToRegistry registry https://registry.npmjs.org/
249 silly mapToRegistry uri https://registry.npmjs.org/escape-string-regexp
250 verbose addNameRange registry:https://registry.npmjs.org/escape-string-regexp not in flight; fetching
251 verbose get https://registry.npmjs.org/escape-string-regexp not expired, no request
252 silly addNameRange number 2 { name: 'escape-string-regexp',
252 silly addNameRange   range: '>=1.0.2 <2.0.0',
252 silly addNameRange   hasData: true }
253 silly addNameRange versions [ 'escape-string-regexp',
253 silly addNameRange   [ '1.0.0', '1.0.1', '1.0.2', '1.0.3', '1.0.4', '1.0.5', '2.0.0' ] ]
254 silly addNamed escape-string-regexp@1.0.5
255 verbose addNamed "1.0.5" is a plain semver version for escape-string-regexp
256 silly mapToRegistry name escape-string-regexp
257 silly mapToRegistry using default registry
258 silly mapToRegistry registry https://registry.npmjs.org/
259 silly mapToRegistry uri https://registry.npmjs.org/escape-string-regexp
260 verbose addRemoteTarball https://registry.npmjs.org/escape-string-regexp/-/escape-string-regexp-1.0.5.tgz not in flight; adding
261 verbose addRemoteTarball [ 'https://registry.npmjs.org/escape-string-regexp/-/escape-string-regexp-1.0.5.tgz',
261 verbose addRemoteTarball   '1b61c0562190a8dff6ae3bb2cf0200ca130b86d4' ]
262 info retry fetch attempt 1 at 23:34:28
263 info attempt registry request try #1 at 23:34:28
264 http fetch GET https://registry.npmjs.org/escape-string-regexp/-/escape-string-regexp-1.0.5.tgz
265 http fetch 200 https://registry.npmjs.org/ansi-styles/-/ansi-styles-2.2.1.tgz
266 silly fetchAndShaCheck shasum b432dd3358b634cf75e1e4664368240533c1ddbe
267 verbose addTmpTarball /tmp/npm-7057-069ee20f/registry.npmjs.org/ansi-styles/-/ansi-styles-2.2.1.tgz not in flight; adding
268 verbose addTmpTarball already have metadata; skipping unpack for ansi-styles@2.2.1
269 http fetch 200 https://registry.npmjs.org/escape-string-regexp/-/escape-string-regexp-1.0.5.tgz
270 silly fetchAndShaCheck shasum 1b61c0562190a8dff6ae3bb2cf0200ca130b86d4
271 verbose addTmpTarball /tmp/npm-7057-069ee20f/registry.npmjs.org/escape-string-regexp/-/escape-string-regexp-1.0.5.tgz not in flight; adding
272 verbose addTmpTarball already have metadata; skipping unpack for escape-string-regexp@1.0.5
273 silly cache afterAdd ansi-styles@2.2.1
274 verbose afterAdd /home/ars/.npm/ansi-styles/2.2.1/package/package.json not in flight; writing
275 verbose afterAdd /home/ars/.npm/ansi-styles/2.2.1/package/package.json written
276 silly cache afterAdd escape-string-regexp@1.0.5
277 verbose afterAdd /home/ars/.npm/escape-string-regexp/1.0.5/package/package.json not in flight; writing
278 verbose afterAdd /home/ars/.npm/escape-string-regexp/1.0.5/package/package.json written
279 http 200 https://registry.npmjs.org/has-ansi
280 verbose headers { date: 'Sun, 16 Jun 2019 20:34:29 GMT',
280 verbose headers   'content-type': 'application/json; charset=UTF-8',
280 verbose headers   'transfer-encoding': 'chunked',
280 verbose headers   connection: 'keep-alive',
280 verbose headers   'set-cookie':
280 verbose headers    [ '__cfduid=dab9ade70a86737ea32fd12ae1571fb331560717269; expires=Mon, 15-Jun-20 20:34:29 GMT; path=/; domain=.npmjs.org; HttpOnly' ],
280 verbose headers   'cf-cache-status': 'HIT',
280 verbose headers   'cache-control': 'max-age=300',
280 verbose headers   'cf-ray': '4e7f90939ce9c303-FRA',
280 verbose headers   etag: 'W/"ef120904d83f43a76b79013214c4c872"',
280 verbose headers   'expect-ct': 'max-age=604800, report-uri="https://report-uri.cloudflare.com/cdn-cgi/beacon/expect-ct"',
280 verbose headers   'last-modified': 'Sun, 27 May 2018 03:34:13 GMT',
280 verbose headers   vary: 'accept-encoding, accept',
280 verbose headers   server: 'cloudflare',
280 verbose headers   'content-encoding': 'gzip' }
281 silly get cb [ 200,
281 silly get   { date: 'Sun, 16 Jun 2019 20:34:29 GMT',
281 silly get     'content-type': 'application/json; charset=UTF-8',
281 silly get     'transfer-encoding': 'chunked',
281 silly get     connection: 'keep-alive',
281 silly get     'set-cookie':
281 silly get      [ '__cfduid=dab9ade70a86737ea32fd12ae1571fb331560717269; expires=Mon, 15-Jun-20 20:34:29 GMT; path=/; domain=.npmjs.org; HttpOnly' ],
281 silly get     'cf-cache-status': 'HIT',
281 silly get     'cache-control': 'max-age=300',
281 silly get     'cf-ray': '4e7f90939ce9c303-FRA',
281 silly get     etag: 'W/"ef120904d83f43a76b79013214c4c872"',
281 silly get     'expect-ct': 'max-age=604800, report-uri="https://report-uri.cloudflare.com/cdn-cgi/beacon/expect-ct"',
281 silly get     'last-modified': 'Sun, 27 May 2018 03:34:13 GMT',
281 silly get     vary: 'accept-encoding, accept',
281 silly get     server: 'cloudflare',
281 silly get     'content-encoding': 'gzip' } ]
282 verbose get saving has-ansi to /home/ars/.npm/registry.npmjs.org/has-ansi/.cache.json
283 silly resolveWithNewModule has-ansi@2.0.0 checking installable status
284 silly cache add args [ 'has-ansi@^2.0.0', null ]
285 verbose cache add spec has-ansi@^2.0.0
286 silly cache add parsed spec Result {
286 silly cache add   raw: 'has-ansi@^2.0.0',
286 silly cache add   scope: null,
286 silly cache add   name: 'has-ansi',
286 silly cache add   rawSpec: '^2.0.0',
286 silly cache add   spec: '>=2.0.0 <3.0.0',
286 silly cache add   type: 'range' }
287 silly addNamed has-ansi@>=2.0.0 <3.0.0
288 verbose addNamed ">=2.0.0 <3.0.0" is a valid semver range for has-ansi
289 silly addNameRange { name: 'has-ansi', range: '>=2.0.0 <3.0.0', hasData: false }
290 silly mapToRegistry name has-ansi
291 silly mapToRegistry using default registry
292 silly mapToRegistry registry https://registry.npmjs.org/
293 silly mapToRegistry uri https://registry.npmjs.org/has-ansi
294 verbose addNameRange registry:https://registry.npmjs.org/has-ansi not in flight; fetching
295 verbose get https://registry.npmjs.org/has-ansi not expired, no request
296 silly addNameRange number 2 { name: 'has-ansi', range: '>=2.0.0 <3.0.0', hasData: true }
297 silly addNameRange versions [ 'has-ansi',
297 silly addNameRange   [ '0.1.0', '1.0.0', '1.0.1', '1.0.2', '1.0.3', '2.0.0', '3.0.0' ] ]
298 silly addNamed has-ansi@2.0.0
299 verbose addNamed "2.0.0" is a plain semver version for has-ansi
300 silly mapToRegistry name has-ansi
301 silly mapToRegistry using default registry
302 silly mapToRegistry registry https://registry.npmjs.org/
303 silly mapToRegistry uri https://registry.npmjs.org/has-ansi
304 verbose addRemoteTarball https://registry.npmjs.org/has-ansi/-/has-ansi-2.0.0.tgz not in flight; adding
305 verbose addRemoteTarball [ 'https://registry.npmjs.org/has-ansi/-/has-ansi-2.0.0.tgz',
305 verbose addRemoteTarball   '34f5049ce1ecdf2b0649af3ef24e45ed35416d91' ]
306 http 200 https://registry.npmjs.org/strip-ansi
307 verbose headers { date: 'Sun, 16 Jun 2019 20:34:29 GMT',
307 verbose headers   'content-type': 'application/json',
307 verbose headers   'transfer-encoding': 'chunked',
307 verbose headers   connection: 'keep-alive',
307 verbose headers   'set-cookie':
307 verbose headers    [ '__cfduid=d710ec66e2502c00bfbfb588d4f59aa751560717269; expires=Mon, 15-Jun-20 20:34:29 GMT; path=/; domain=.npmjs.org; HttpOnly' ],
307 verbose headers   'cf-cache-status': 'HIT',
307 verbose headers   'cache-control': 'max-age=300',
307 verbose headers   'cf-ray': '4e7f9093893cc2a9-FRA',
307 verbose headers   etag: 'W/"d97deeaeb68c0575581f280b2e0cf430"',
307 verbose headers   'expect-ct': 'max-age=604800, report-uri="https://report-uri.cloudflare.com/cdn-cgi/beacon/expect-ct"',
307 verbose headers   'last-modified': 'Mon, 18 Mar 2019 08:46:22 GMT',
307 verbose headers   vary: 'accept-encoding, accept',
307 verbose headers   'x-amz-meta-rev': '52-b979f8d36aaff956729abb35711905f8',
307 verbose headers   server: 'cloudflare',
307 verbose headers   'content-encoding': 'gzip' }
308 silly get cb [ 200,
308 silly get   { date: 'Sun, 16 Jun 2019 20:34:29 GMT',
308 silly get     'content-type': 'application/json',
308 silly get     'transfer-encoding': 'chunked',
308 silly get     connection: 'keep-alive',
308 silly get     'set-cookie':
308 silly get      [ '__cfduid=d710ec66e2502c00bfbfb588d4f59aa751560717269; expires=Mon, 15-Jun-20 20:34:29 GMT; path=/; domain=.npmjs.org; HttpOnly' ],
308 silly get     'cf-cache-status': 'HIT',
308 silly get     'cache-control': 'max-age=300',
308 silly get     'cf-ray': '4e7f9093893cc2a9-FRA',
308 silly get     etag: 'W/"d97deeaeb68c0575581f280b2e0cf430"',
308 silly get     'expect-ct': 'max-age=604800, report-uri="https://report-uri.cloudflare.com/cdn-cgi/beacon/expect-ct"',
308 silly get     'last-modified': 'Mon, 18 Mar 2019 08:46:22 GMT',
308 silly get     vary: 'accept-encoding, accept',
308 silly get     'x-amz-meta-rev': '52-b979f8d36aaff956729abb35711905f8',
308 silly get     server: 'cloudflare',
308 silly get     'content-encoding': 'gzip' } ]
309 verbose get saving strip-ansi to /home/ars/.npm/registry.npmjs.org/strip-ansi/.cache.json
310 info retry fetch attempt 1 at 23:34:29
311 info attempt registry request try #1 at 23:34:29
312 http fetch GET https://registry.npmjs.org/has-ansi/-/has-ansi-2.0.0.tgz
313 silly resolveWithNewModule strip-ansi@3.0.1 checking installable status
314 silly cache add args [ 'strip-ansi@^3.0.0', null ]
315 verbose cache add spec strip-ansi@^3.0.0
316 silly cache add parsed spec Result {
316 silly cache add   raw: 'strip-ansi@^3.0.0',
316 silly cache add   scope: null,
316 silly cache add   name: 'strip-ansi',
316 silly cache add   rawSpec: '^3.0.0',
316 silly cache add   spec: '>=3.0.0 <4.0.0',
316 silly cache add   type: 'range' }
317 silly addNamed strip-ansi@>=3.0.0 <4.0.0
318 verbose addNamed ">=3.0.0 <4.0.0" is a valid semver range for strip-ansi
319 silly addNameRange { name: 'strip-ansi', range: '>=3.0.0 <4.0.0', hasData: false }
320 silly mapToRegistry name strip-ansi
321 silly mapToRegistry using default registry
322 silly mapToRegistry registry https://registry.npmjs.org/
323 silly mapToRegistry uri https://registry.npmjs.org/strip-ansi
324 verbose addNameRange registry:https://registry.npmjs.org/strip-ansi not in flight; fetching
325 verbose get https://registry.npmjs.org/strip-ansi not expired, no request
326 silly addNameRange number 2 { name: 'strip-ansi', range: '>=3.0.0 <4.0.0', hasData: true }
327 silly addNameRange versions [ 'strip-ansi',
327 silly addNameRange   [ '0.1.0',
327 silly addNameRange     '0.1.1',
327 silly addNameRange     '0.2.0',
327 silly addNameRange     '0.2.1',
327 silly addNameRange     '0.2.2',
327 silly addNameRange     '0.3.0',
327 silly addNameRange     '1.0.0',
327 silly addNameRange     '2.0.0',
327 silly addNameRange     '2.0.1',
327 silly addNameRange     '3.0.0',
327 silly addNameRange     '3.0.1',
327 silly addNameRange     '4.0.0',
327 silly addNameRange     '5.0.0',
327 silly addNameRange     '5.1.0',
327 silly addNameRange     '5.2.0' ] ]
328 silly addNamed strip-ansi@3.0.1
329 verbose addNamed "3.0.1" is a plain semver version for strip-ansi
330 http 200 https://registry.npmjs.org/supports-color
331 verbose headers { date: 'Sun, 16 Jun 2019 20:34:29 GMT',
331 verbose headers   'content-type': 'application/json',
331 verbose headers   'transfer-encoding': 'chunked',
331 verbose headers   connection: 'keep-alive',
331 verbose headers   'set-cookie':
331 verbose headers    [ '__cfduid=d805720ca3bef915c78d4a8339655136f1560717269; expires=Mon, 15-Jun-20 20:34:29 GMT; path=/; domain=.npmjs.org; HttpOnly' ],
331 verbose headers   'cf-cache-status': 'HIT',
331 verbose headers   'cache-control': 'max-age=300',
331 verbose headers   'cf-ray': '4e7f9093a8c9c2db-FRA',
331 verbose headers   etag: 'W/"3992655a53625774e9a56297ea39a865"',
331 verbose headers   'expect-ct': 'max-age=604800, report-uri="https://report-uri.cloudflare.com/cdn-cgi/beacon/expect-ct"',
331 verbose headers   'last-modified': 'Tue, 11 Jun 2019 17:45:58 GMT',
331 verbose headers   vary: 'accept-encoding, accept',
331 verbose headers   'x-amz-meta-rev': '80-2fc3d4218dfd862608eb86df84586d11',
331 verbose headers   server: 'cloudflare',
331 verbose headers   'content-encoding': 'gzip' }
332 silly get cb [ 200,
332 silly get   { date: 'Sun, 16 Jun 2019 20:34:29 GMT',
332 silly get     'content-type': 'application/json',
332 silly get     'transfer-encoding': 'chunked',
332 silly get     connection: 'keep-alive',
332 silly get     'set-cookie':
332 silly get      [ '__cfduid=d805720ca3bef915c78d4a8339655136f1560717269; expires=Mon, 15-Jun-20 20:34:29 GMT; path=/; domain=.npmjs.org; HttpOnly' ],
332 silly get     'cf-cache-status': 'HIT',
332 silly get     'cache-control': 'max-age=300',
332 silly get     'cf-ray': '4e7f9093a8c9c2db-FRA',
332 silly get     etag: 'W/"3992655a53625774e9a56297ea39a865"',
332 silly get     'expect-ct': 'max-age=604800, report-uri="https://report-uri.cloudflare.com/cdn-cgi/beacon/expect-ct"',
332 silly get     'last-modified': 'Tue, 11 Jun 2019 17:45:58 GMT',
332 silly get     vary: 'accept-encoding, accept',
332 silly get     'x-amz-meta-rev': '80-2fc3d4218dfd862608eb86df84586d11',
332 silly get     server: 'cloudflare',
332 silly get     'content-encoding': 'gzip' } ]
333 verbose get saving supports-color to /home/ars/.npm/registry.npmjs.org/supports-color/.cache.json
334 silly mapToRegistry name strip-ansi
335 silly mapToRegistry using default registry
336 silly mapToRegistry registry https://registry.npmjs.org/
337 silly mapToRegistry uri https://registry.npmjs.org/strip-ansi
338 verbose addRemoteTarball https://registry.npmjs.org/strip-ansi/-/strip-ansi-3.0.1.tgz not in flight; adding
339 verbose addRemoteTarball [ 'https://registry.npmjs.org/strip-ansi/-/strip-ansi-3.0.1.tgz',
339 verbose addRemoteTarball   '6a385fb8853d952d5ff05d0e8aaf94278dc63dcf' ]
340 info retry fetch attempt 1 at 23:34:29
341 info attempt registry request try #1 at 23:34:29
342 http fetch GET https://registry.npmjs.org/strip-ansi/-/strip-ansi-3.0.1.tgz
343 silly resolveWithNewModule supports-color@2.0.0 checking installable status
344 silly cache add args [ 'supports-color@^2.0.0', null ]
345 verbose cache add spec supports-color@^2.0.0
346 silly cache add parsed spec Result {
346 silly cache add   raw: 'supports-color@^2.0.0',
346 silly cache add   scope: null,
346 silly cache add   name: 'supports-color',
346 silly cache add   rawSpec: '^2.0.0',
346 silly cache add   spec: '>=2.0.0 <3.0.0',
346 silly cache add   type: 'range' }
347 silly addNamed supports-color@>=2.0.0 <3.0.0
348 verbose addNamed ">=2.0.0 <3.0.0" is a valid semver range for supports-color
349 silly addNameRange { name: 'supports-color',
349 silly addNameRange   range: '>=2.0.0 <3.0.0',
349 silly addNameRange   hasData: false }
350 silly mapToRegistry name supports-color
351 silly mapToRegistry using default registry
352 silly mapToRegistry registry https://registry.npmjs.org/
353 silly mapToRegistry uri https://registry.npmjs.org/supports-color
354 verbose addNameRange registry:https://registry.npmjs.org/supports-color not in flight; fetching
355 verbose get https://registry.npmjs.org/supports-color not expired, no request
356 silly addNameRange number 2 { name: 'supports-color',
356 silly addNameRange   range: '>=2.0.0 <3.0.0',
356 silly addNameRange   hasData: true }
357 silly addNameRange versions [ 'supports-color',
357 silly addNameRange   [ '0.2.0',
357 silly addNameRange     '1.0.0',
357 silly addNameRange     '1.1.0',
357 silly addNameRange     '1.2.0',
357 silly addNameRange     '1.2.1',
357 silly addNameRange     '1.3.0',
357 silly addNameRange     '1.3.1',
357 silly addNameRange     '2.0.0',
357 silly addNameRange     '3.0.0',
357 silly addNameRange     '3.0.1',
357 silly addNameRange     '3.1.0',
357 silly addNameRange     '3.1.1',
357 silly addNameRange     '3.1.2',
357 silly addNameRange     '3.2.0',
357 silly addNameRange     '3.2.1',
357 silly addNameRange     '3.2.2',
357 silly addNameRange     '3.2.3',
357 silly addNameRange     '4.0.0',
357 silly addNameRange     '4.1.0',
357 silly addNameRange     '4.2.0',
357 silly addNameRange     '4.2.1',
357 silly addNameRange     '4.3.0',
357 silly addNameRange     '4.4.0',
357 silly addNameRange     '4.5.0',
357 silly addNameRange     '5.0.0',
357 silly addNameRange     '5.0.1',
357 silly addNameRange     '5.1.0',
357 silly addNameRange     '5.2.0',
357 silly addNameRange     '5.3.0',
357 silly addNameRange     '5.4.0',
357 silly addNameRange     '5.5.0',
357 silly addNameRange     '6.0.0',
357 silly addNameRange     '6.1.0',
357 silly addNameRange     '7.0.0' ] ]
358 silly addNamed supports-color@2.0.0
359 verbose addNamed "2.0.0" is a plain semver version for supports-color
360 silly mapToRegistry name supports-color
361 silly mapToRegistry using default registry
362 silly mapToRegistry registry https://registry.npmjs.org/
363 silly mapToRegistry uri https://registry.npmjs.org/supports-color
364 verbose addRemoteTarball https://registry.npmjs.org/supports-color/-/supports-color-2.0.0.tgz not in flight; adding
365 verbose addRemoteTarball [ 'https://registry.npmjs.org/supports-color/-/supports-color-2.0.0.tgz',
365 verbose addRemoteTarball   '535d045ce6b6363fa40117084629995e9df324c7' ]
366 info retry fetch attempt 1 at 23:34:29
367 info attempt registry request try #1 at 23:34:29
368 http fetch GET https://registry.npmjs.org/supports-color/-/supports-color-2.0.0.tgz
369 http fetch 200 https://registry.npmjs.org/has-ansi/-/has-ansi-2.0.0.tgz
370 silly fetchAndShaCheck shasum 34f5049ce1ecdf2b0649af3ef24e45ed35416d91
371 verbose addTmpTarball /tmp/npm-7057-069ee20f/registry.npmjs.org/has-ansi/-/has-ansi-2.0.0.tgz not in flight; adding
372 verbose addTmpTarball already have metadata; skipping unpack for has-ansi@2.0.0
373 silly cache afterAdd has-ansi@2.0.0
374 verbose afterAdd /home/ars/.npm/has-ansi/2.0.0/package/package.json not in flight; writing
375 verbose afterAdd /home/ars/.npm/has-ansi/2.0.0/package/package.json written
376 http fetch 200 https://registry.npmjs.org/strip-ansi/-/strip-ansi-3.0.1.tgz
377 silly fetchAndShaCheck shasum 6a385fb8853d952d5ff05d0e8aaf94278dc63dcf
378 verbose addTmpTarball /tmp/npm-7057-069ee20f/registry.npmjs.org/strip-ansi/-/strip-ansi-3.0.1.tgz not in flight; adding
379 verbose addTmpTarball already have metadata; skipping unpack for strip-ansi@3.0.1
380 http fetch 200 https://registry.npmjs.org/supports-color/-/supports-color-2.0.0.tgz
381 silly cache afterAdd strip-ansi@3.0.1
382 verbose afterAdd /home/ars/.npm/strip-ansi/3.0.1/package/package.json not in flight; writing
383 verbose afterAdd /home/ars/.npm/strip-ansi/3.0.1/package/package.json written
384 silly fetchAndShaCheck shasum 535d045ce6b6363fa40117084629995e9df324c7
385 verbose addTmpTarball /tmp/npm-7057-069ee20f/registry.npmjs.org/supports-color/-/supports-color-2.0.0.tgz not in flight; adding
386 verbose addTmpTarball already have metadata; skipping unpack for supports-color@2.0.0
387 silly cache afterAdd supports-color@2.0.0
388 verbose afterAdd /home/ars/.npm/supports-color/2.0.0/package/package.json not in flight; writing
389 verbose afterAdd /home/ars/.npm/supports-color/2.0.0/package/package.json written
390 silly fetchNamedPackageData ansi-regex
391 silly mapToRegistry name ansi-regex
392 silly mapToRegistry using default registry
393 silly mapToRegistry registry https://registry.npmjs.org/
394 silly mapToRegistry uri https://registry.npmjs.org/ansi-regex
395 verbose request uri https://registry.npmjs.org/ansi-regex
396 verbose request no auth needed
397 info attempt registry request try #1 at 23:34:29
398 http request GET https://registry.npmjs.org/ansi-regex
399 http 200 https://registry.npmjs.org/ansi-regex
400 verbose headers { date: 'Sun, 16 Jun 2019 20:34:29 GMT',
400 verbose headers   'content-type': 'application/json',
400 verbose headers   'transfer-encoding': 'chunked',
400 verbose headers   connection: 'keep-alive',
400 verbose headers   'set-cookie':
400 verbose headers    [ '__cfduid=d710ec66e2502c00bfbfb588d4f59aa751560717269; expires=Mon, 15-Jun-20 20:34:29 GMT; path=/; domain=.npmjs.org; HttpOnly' ],
400 verbose headers   'cf-cache-status': 'HIT',
400 verbose headers   'cache-control': 'max-age=300',
400 verbose headers   'cf-ray': '4e7f90955f26c2a9-FRA',
400 verbose headers   etag: 'W/"78973c60aa5489bd1dfb29ef73a0a5be"',
400 verbose headers   'expect-ct': 'max-age=604800, report-uri="https://report-uri.cloudflare.com/cdn-cgi/beacon/expect-ct"',
400 verbose headers   'last-modified': 'Fri, 08 Mar 2019 06:14:44 GMT',
400 verbose headers   vary: 'accept-encoding, accept',
400 verbose headers   'x-amz-meta-rev': '45-3985180fa327f59d87cfeaa4818b8cc7',
400 verbose headers   server: 'cloudflare',
400 verbose headers   'content-encoding': 'gzip' }
401 silly get cb [ 200,
401 silly get   { date: 'Sun, 16 Jun 2019 20:34:29 GMT',
401 silly get     'content-type': 'application/json',
401 silly get     'transfer-encoding': 'chunked',
401 silly get     connection: 'keep-alive',
401 silly get     'set-cookie':
401 silly get      [ '__cfduid=d710ec66e2502c00bfbfb588d4f59aa751560717269; expires=Mon, 15-Jun-20 20:34:29 GMT; path=/; domain=.npmjs.org; HttpOnly' ],
401 silly get     'cf-cache-status': 'HIT',
401 silly get     'cache-control': 'max-age=300',
401 silly get     'cf-ray': '4e7f90955f26c2a9-FRA',
401 silly get     etag: 'W/"78973c60aa5489bd1dfb29ef73a0a5be"',
401 silly get     'expect-ct': 'max-age=604800, report-uri="https://report-uri.cloudflare.com/cdn-cgi/beacon/expect-ct"',
401 silly get     'last-modified': 'Fri, 08 Mar 2019 06:14:44 GMT',
401 silly get     vary: 'accept-encoding, accept',
401 silly get     'x-amz-meta-rev': '45-3985180fa327f59d87cfeaa4818b8cc7',
401 silly get     server: 'cloudflare',
401 silly get     'content-encoding': 'gzip' } ]
402 verbose get saving ansi-regex to /home/ars/.npm/registry.npmjs.org/ansi-regex/.cache.json
403 silly resolveWithNewModule ansi-regex@2.1.1 checking installable status
404 silly cache add args [ 'ansi-regex@^2.0.0', null ]
405 verbose cache add spec ansi-regex@^2.0.0
406 silly cache add parsed spec Result {
406 silly cache add   raw: 'ansi-regex@^2.0.0',
406 silly cache add   scope: null,
406 silly cache add   name: 'ansi-regex',
406 silly cache add   rawSpec: '^2.0.0',
406 silly cache add   spec: '>=2.0.0 <3.0.0',
406 silly cache add   type: 'range' }
407 silly addNamed ansi-regex@>=2.0.0 <3.0.0
408 verbose addNamed ">=2.0.0 <3.0.0" is a valid semver range for ansi-regex
409 silly addNameRange { name: 'ansi-regex', range: '>=2.0.0 <3.0.0', hasData: false }
410 silly mapToRegistry name ansi-regex
411 silly mapToRegistry using default registry
412 silly mapToRegistry registry https://registry.npmjs.org/
413 silly mapToRegistry uri https://registry.npmjs.org/ansi-regex
414 verbose addNameRange registry:https://registry.npmjs.org/ansi-regex not in flight; fetching
415 verbose get https://registry.npmjs.org/ansi-regex not expired, no request
416 silly addNameRange number 2 { name: 'ansi-regex', range: '>=2.0.0 <3.0.0', hasData: true }
417 silly addNameRange versions [ 'ansi-regex',
417 silly addNameRange   [ '0.1.0',
417 silly addNameRange     '0.2.0',
417 silly addNameRange     '0.2.1',
417 silly addNameRange     '1.0.0',
417 silly addNameRange     '1.1.0',
417 silly addNameRange     '1.1.1',
417 silly addNameRange     '2.0.0',
417 silly addNameRange     '2.1.1',
417 silly addNameRange     '3.0.0',
417 silly addNameRange     '4.0.0',
417 silly addNameRange     '4.1.0' ] ]
418 silly addNamed ansi-regex@2.1.1
419 verbose addNamed "2.1.1" is a plain semver version for ansi-regex
420 silly mapToRegistry name ansi-regex
421 silly mapToRegistry using default registry
422 silly mapToRegistry registry https://registry.npmjs.org/
423 silly mapToRegistry uri https://registry.npmjs.org/ansi-regex
424 verbose addRemoteTarball https://registry.npmjs.org/ansi-regex/-/ansi-regex-2.1.1.tgz not in flight; adding
425 verbose addRemoteTarball [ 'https://registry.npmjs.org/ansi-regex/-/ansi-regex-2.1.1.tgz',
425 verbose addRemoteTarball   'c3b33ab5ee360d86e0e628f0468ae7ef27d654df' ]
426 info retry fetch attempt 1 at 23:34:29
427 info attempt registry request try #1 at 23:34:29
428 http fetch GET https://registry.npmjs.org/ansi-regex/-/ansi-regex-2.1.1.tgz
429 http fetch 200 https://registry.npmjs.org/ansi-regex/-/ansi-regex-2.1.1.tgz
430 silly fetchAndShaCheck shasum c3b33ab5ee360d86e0e628f0468ae7ef27d654df
431 verbose addTmpTarball /tmp/npm-7057-069ee20f/registry.npmjs.org/ansi-regex/-/ansi-regex-2.1.1.tgz not in flight; adding
432 verbose addTmpTarball already have metadata; skipping unpack for ansi-regex@2.1.1
433 silly cache afterAdd ansi-regex@2.1.1
434 verbose afterAdd /home/ars/.npm/ansi-regex/2.1.1/package/package.json not in flight; writing
435 verbose afterAdd /home/ars/.npm/ansi-regex/2.1.1/package/package.json written
436 silly fetchNamedPackageData graceful-readlink
437 silly mapToRegistry name graceful-readlink
438 silly mapToRegistry using default registry
439 silly mapToRegistry registry https://registry.npmjs.org/
440 silly mapToRegistry uri https://registry.npmjs.org/graceful-readlink
441 verbose request uri https://registry.npmjs.org/graceful-readlink
442 verbose request no auth needed
443 info attempt registry request try #1 at 23:34:29
444 http request GET https://registry.npmjs.org/graceful-readlink
445 http 200 https://registry.npmjs.org/graceful-readlink
446 verbose headers { date: 'Sun, 16 Jun 2019 20:34:29 GMT',
446 verbose headers   'content-type': 'application/json; charset=UTF-8',
446 verbose headers   'transfer-encoding': 'chunked',
446 verbose headers   connection: 'keep-alive',
446 verbose headers   'set-cookie':
446 verbose headers    [ '__cfduid=dcaab9333734db1cc6105850fa4bb22441560717269; expires=Mon, 15-Jun-20 20:34:29 GMT; path=/; domain=.npmjs.org; HttpOnly' ],
446 verbose headers   'cf-cache-status': 'HIT',
446 verbose headers   'cache-control': 'max-age=300',
446 verbose headers   'cf-ray': '4e7f90972960d6dd-FRA',
446 verbose headers   etag: 'W/"7e1aa4591615c6775d58881e2119bb1b"',
446 verbose headers   'expect-ct': 'max-age=604800, report-uri="https://report-uri.cloudflare.com/cdn-cgi/beacon/expect-ct"',
446 verbose headers   'last-modified': 'Sun, 27 May 2018 02:39:28 GMT',
446 verbose headers   vary: 'accept-encoding, accept',
446 verbose headers   server: 'cloudflare',
446 verbose headers   'content-encoding': 'gzip' }
447 silly get cb [ 200,
447 silly get   { date: 'Sun, 16 Jun 2019 20:34:29 GMT',
447 silly get     'content-type': 'application/json; charset=UTF-8',
447 silly get     'transfer-encoding': 'chunked',
447 silly get     connection: 'keep-alive',
447 silly get     'set-cookie':
447 silly get      [ '__cfduid=dcaab9333734db1cc6105850fa4bb22441560717269; expires=Mon, 15-Jun-20 20:34:29 GMT; path=/; domain=.npmjs.org; HttpOnly' ],
447 silly get     'cf-cache-status': 'HIT',
447 silly get     'cache-control': 'max-age=300',
447 silly get     'cf-ray': '4e7f90972960d6dd-FRA',
447 silly get     etag: 'W/"7e1aa4591615c6775d58881e2119bb1b"',
447 silly get     'expect-ct': 'max-age=604800, report-uri="https://report-uri.cloudflare.com/cdn-cgi/beacon/expect-ct"',
447 silly get     'last-modified': 'Sun, 27 May 2018 02:39:28 GMT',
447 silly get     vary: 'accept-encoding, accept',
447 silly get     server: 'cloudflare',
447 silly get     'content-encoding': 'gzip' } ]
448 verbose get saving graceful-readlink to /home/ars/.npm/registry.npmjs.org/graceful-readlink/.cache.json
449 silly resolveWithNewModule graceful-readlink@1.0.1 checking installable status
450 silly cache add args [ 'graceful-readlink@>= 1.0.0', null ]
451 verbose cache add spec graceful-readlink@>= 1.0.0
452 silly cache add parsed spec Result {
452 silly cache add   raw: 'graceful-readlink@>= 1.0.0',
452 silly cache add   scope: null,
452 silly cache add   name: 'graceful-readlink',
452 silly cache add   rawSpec: '>= 1.0.0',
452 silly cache add   spec: '>=1.0.0',
452 silly cache add   type: 'range' }
453 silly addNamed graceful-readlink@>=1.0.0
454 verbose addNamed ">=1.0.0" is a valid semver range for graceful-readlink
455 silly addNameRange { name: 'graceful-readlink', range: '>=1.0.0', hasData: false }
456 silly mapToRegistry name graceful-readlink
457 silly mapToRegistry using default registry
458 silly mapToRegistry registry https://registry.npmjs.org/
459 silly mapToRegistry uri https://registry.npmjs.org/graceful-readlink
460 verbose addNameRange registry:https://registry.npmjs.org/graceful-readlink not in flight; fetching
461 verbose get https://registry.npmjs.org/graceful-readlink not expired, no request
462 silly addNameRange number 2 { name: 'graceful-readlink', range: '>=1.0.0', hasData: true }
463 silly addNameRange versions [ 'graceful-readlink', [ '1.0.0', '1.0.1' ] ]
464 silly addNamed graceful-readlink@1.0.1
465 verbose addNamed "1.0.1" is a plain semver version for graceful-readlink
466 silly mapToRegistry name graceful-readlink
467 silly mapToRegistry using default registry
468 silly mapToRegistry registry https://registry.npmjs.org/
469 silly mapToRegistry uri https://registry.npmjs.org/graceful-readlink
470 verbose addRemoteTarball https://registry.npmjs.org/graceful-readlink/-/graceful-readlink-1.0.1.tgz not in flight; adding
471 verbose addRemoteTarball [ 'https://registry.npmjs.org/graceful-readlink/-/graceful-readlink-1.0.1.tgz',
471 verbose addRemoteTarball   '4cafad76bc62f02fa039b2f94e9a3dd3a391a725' ]
472 info retry fetch attempt 1 at 23:34:29
473 info attempt registry request try #1 at 23:34:29
474 http fetch GET https://registry.npmjs.org/graceful-readlink/-/graceful-readlink-1.0.1.tgz
475 http fetch 200 https://registry.npmjs.org/graceful-readlink/-/graceful-readlink-1.0.1.tgz
476 silly fetchAndShaCheck shasum 4cafad76bc62f02fa039b2f94e9a3dd3a391a725
477 verbose addTmpTarball /tmp/npm-7057-069ee20f/registry.npmjs.org/graceful-readlink/-/graceful-readlink-1.0.1.tgz not in flight; adding
478 verbose addTmpTarball already have metadata; skipping unpack for graceful-readlink@1.0.1
479 silly cache afterAdd graceful-readlink@1.0.1
480 verbose afterAdd /home/ars/.npm/graceful-readlink/1.0.1/package/package.json not in flight; writing
481 verbose afterAdd /home/ars/.npm/graceful-readlink/1.0.1/package/package.json written
482 silly loadAllDepsIntoIdealTree Finishing
483 silly idealTree:prePrune lib
483 silly idealTree:prePrune  jst_compiler@3.0.1
483 silly idealTree:prePrune    ansi-regex@2.1.1
483 silly idealTree:prePrune    ansi-styles@2.2.1
483 silly idealTree:prePrune    chalk@1.1.3
483 silly idealTree:prePrune    commander@2.9.0
483 silly idealTree:prePrune    escape-string-regexp@1.0.5
483 silly idealTree:prePrune    graceful-readlink@1.0.1
483 silly idealTree:prePrune    has-ansi@2.0.0
483 silly idealTree:prePrune    strip-ansi@3.0.1
483 silly idealTree:prePrune    supports-color@2.0.0
484 silly loadIdealTree Finishing
485 silly currentTree lib
486 silly idealTree lib
486 silly idealTree  jst_compiler@3.0.1
486 silly idealTree    ansi-regex@2.1.1
486 silly idealTree    ansi-styles@2.2.1
486 silly idealTree    chalk@1.1.3
486 silly idealTree    commander@2.9.0
486 silly idealTree    escape-string-regexp@1.0.5
486 silly idealTree    graceful-readlink@1.0.1
486 silly idealTree    has-ansi@2.0.0
486 silly idealTree    strip-ansi@3.0.1
486 silly idealTree    supports-color@2.0.0
487 silly generateActionsToTake Starting
488 silly install generateActionsToTake
489 warn checkPermissions Missing write access to /usr/local/lib
490 silly rollbackFailedOptional Starting
491 silly rollbackFailedOptional Finishing
492 silly runTopLevelLifecycles Starting
493 silly runTopLevelLifecycles Finishing
494 silly install printInstalled
495 verbose stack Error: EACCES: permission denied, access '/usr/local/lib'
496 verbose cwd /home/ars/RubyProjects/book-reviews
497 error Linux 4.15.0-51-generic
498 error argv "/usr/bin/node" "/usr/bin/npm" "install" "jst_compiler" "-g"
499 error node v8.10.0
500 error npm  v3.5.2
501 error path /usr/local/lib
502 error code EACCES
503 error errno -13
504 error syscall access
505 error Error: EACCES: permission denied, access '/usr/local/lib'
505 error  { Error: EACCES: permission denied, access '/usr/local/lib'
505 error   errno: -13,
505 error   code: 'EACCES',
505 error   syscall: 'access',
505 error   path: '/usr/local/lib' }
506 error Please try running this command again as root/Administrator.
507 verbose exit [ -13, true ]
